<?xml version="1.0" encoding="UTF-8"?>
<!-- Generated by org.testng.reporters.JUnitReportReporter -->
<testsuite hostname="LAPTOP-0TIJM6AS" failures="0" tests="1" name="JayaFrameworkDesign.Test.POMTestMethods" time="10.292" errors="0" timestamp="11 Oct 2023 10:16:03 GMT" skipped="0">
  <testcase classname="JayaFrameworkDesign.Test.POMTestMethods" name="loginPage" time="10.292"/>
</testsuite> <!-- JayaFrameworkDesign.Test.POMTestMethods -->
